# JRE version: OpenJDK Runtime Environment (8.0_242-b01) (build 1.8.0_242-release-1644-b01)
# Java VM: OpenJDK 64-Bit Server VM (25.242-b01 mixed mode windows-amd64 compressed oops)
Heap:
 PSYoungGen      total 171008K, used 40786K [0x00000000e0000000, 0x00000000ee180000, 0x0000000100000000)
  eden space 151040K, 17% used [0x00000000e0000000,0x00000000e1a35440,0x00000000e9380000)
  from space 19968K, 69% used [0x00000000e9380000,0x00000000ea11f578,0x00000000ea700000)
  to   space 20992K, 0% used [0x00000000ecd00000,0x00000000ecd00000,0x00000000ee180000)
 ParOldGen       total 84992K, used 38336K [0x00000000a0000000, 0x00000000a5300000, 0x00000000e0000000)
  object space 84992K, 45% used [0x00000000a0000000,0x00000000a25702f8,0x00000000a5300000)
 Metaspace       used 64353K, capacity 67392K, committed 67672K, reserved 1107968K
  class space    used 8865K, capacity 9489K, committed 9600K, reserved 1048576K
GC Heap History (10 events):
Event: 58.286 GC heap before
{Heap before GC invocations=14 (full 2):
 PSYoungGen      total 102912K, used 92672K [0x00000000e0000000, 0x00000000e9d00000, 0x0000000100000000)
  eden space 92672K, 100% used [0x00000000e0000000,0x00000000e5a80000,0x00000000e5a80000)
  from space 10240K, 0% used [0x00000000e5a80000,0x00000000e5a80000,0x00000000e6480000)
  to   space 10240K, 0% used [0x00000000e9300000,0x00000000e9300000,0x00000000e9d00000)
 ParOldGen       total 47104K, used 14655K [0x00000000a0000000, 0x00000000a2e00000, 0x00000000e0000000)
  object space 47104K, 31% used [0x00000000a0000000,0x00000000a0e4fec0,0x00000000a2e00000)
 Metaspace       used 37001K, capacity 38540K, committed 38744K, reserved 1083392K
  class space    used 5077K, capacity 5379K, committed 5504K, reserved 1048576K
Event: 58.387 GC heap after
Heap after GC invocations=14 (full 2):
 PSYoungGen      total 128000K, used 6821K [0x00000000e0000000, 0x00000000e9a00000, 0x0000000100000000)
  eden space 120832K, 0% used [0x00000000e0000000,0x00000000e0000000,0x00000000e7600000)
  from space 7168K, 95% used [0x00000000e9300000,0x00000000e99a95b0,0x00000000e9a00000)
  to   space 10240K, 0% used [0x00000000e8600000,0x00000000e8600000,0x00000000e9000000)
 ParOldGen       total 47104K, used 14663K [0x00000000a0000000, 0x00000000a2e00000, 0x00000000e0000000)
  object space 47104K, 31% used [0x00000000a0000000,0x00000000a0e51ec0,0x00000000a2e00000)
 Metaspace       used 37001K, capacity 38540K, committed 38744K, reserved 1083392K
  class space    used 5077K, capacity 5379K, committed 5504K, reserved 1048576K
}
Event: 71.294 GC heap before
{Heap before GC invocations=15 (full 2):
 PSYoungGen      total 128000K, used 127653K [0x00000000e0000000, 0x00000000e9a00000, 0x0000000100000000)
  eden space 120832K, 100% used [0x00000000e0000000,0x00000000e7600000,0x00000000e7600000)
  from space 7168K, 95% used [0x00000000e9300000,0x00000000e99a95b0,0x00000000e9a00000)
  to   space 10240K, 0% used [0x00000000e8600000,0x00000000e8600000,0x00000000e9000000)
 ParOldGen       total 47104K, used 14663K [0x00000000a0000000, 0x00000000a2e00000, 0x00000000e0000000)
  object space 47104K, 31% used [0x00000000a0000000,0x00000000a0e51ec0,0x00000000a2e00000)
 Metaspace       used 48782K, capacity 50608K, committed 51032K, reserved 1093632K
  class space    used 6536K, capacity 6917K, committed 7040K, reserved 1048576K
Event: 71.556 GC heap after
Heap after GC invocations=15 (full 2):
 PSYoungGen      total 147456K, used 10231K [0x00000000e0000000, 0x00000000eb580000, 0x0000000100000000)
  eden space 137216K, 0% used [0x00000000e0000000,0x00000000e0000000,0x00000000e8600000)
  from space 10240K, 99% used [0x00000000e8600000,0x00000000e8ffdc58,0x00000000e9000000)
  to   space 14848K, 0% used [0x00000000ea700000,0x00000000ea700000,0x00000000eb580000)
 ParOldGen       total 47104K, used 23848K [0x00000000a0000000, 0x00000000a2e00000, 0x00000000e0000000)
  object space 47104K, 50% used [0x00000000a0000000,0x00000000a174a168,0x00000000a2e00000)
 Metaspace       used 48782K, capacity 50608K, committed 51032K, reserved 1093632K
  class space    used 6536K, capacity 6917K, committed 7040K, reserved 1048576K
}
Event: 85.481 GC heap before
{Heap before GC invocations=16 (full 2):
 PSYoungGen      total 147456K, used 143420K [0x00000000e0000000, 0x00000000eb580000, 0x0000000100000000)
  eden space 137216K, 97% used [0x00000000e0000000,0x00000000e8211760,0x00000000e8600000)
  from space 10240K, 99% used [0x00000000e8600000,0x00000000e8ffdc58,0x00000000e9000000)
  to   space 14848K, 0% used [0x00000000ea700000,0x00000000ea700000,0x00000000eb580000)
 ParOldGen       total 47104K, used 23848K [0x00000000a0000000, 0x00000000a2e00000, 0x00000000e0000000)
  object space 47104K, 50% used [0x00000000a0000000,0x00000000a174a168,0x00000000a2e00000)
 Metaspace       used 56469K, capacity 58818K, committed 59028K, reserved 1099776K
  class space    used 7679K, capacity 8169K, committed 8192K, reserved 1048576K
Event: 85.832 GC heap after
Heap after GC invocations=16 (full 2):
 PSYoungGen      total 165888K, used 14827K [0x00000000e0000000, 0x00000000ed400000, 0x0000000100000000)
  eden space 151040K, 0% used [0x00000000e0000000,0x00000000e0000000,0x00000000e9380000)
  from space 14848K, 99% used [0x00000000ea700000,0x00000000eb57aee0,0x00000000eb580000)
  to   space 19968K, 0% used [0x00000000e9380000,0x00000000e9380000,0x00000000ea700000)
 ParOldGen       total 47104K, used 30958K [0x00000000a0000000, 0x00000000a2e00000, 0x00000000e0000000)
  object space 47104K, 65% used [0x00000000a0000000,0x00000000a1e3bb38,0x00000000a2e00000)
 Metaspace       used 56469K, capacity 58818K, committed 59028K, reserved 1099776K
  class space    used 7679K, capacity 8169K, committed 8192K, reserved 1048576K
}
Event: 85.832 GC heap before
{Heap before GC invocations=17 (full 3):
 PSYoungGen      total 165888K, used 14827K [0x00000000e0000000, 0x00000000ed400000, 0x0000000100000000)
  eden space 151040K, 0% used [0x00000000e0000000,0x00000000e0000000,0x00000000e9380000)
  from space 14848K, 99% used [0x00000000ea700000,0x00000000eb57aee0,0x00000000eb580000)
  to   space 19968K, 0% used [0x00000000e9380000,0x00000000e9380000,0x00000000ea700000)
 ParOldGen       total 47104K, used 30958K [0x00000000a0000000, 0x00000000a2e00000, 0x00000000e0000000)
  object space 47104K, 65% used [0x00000000a0000000,0x00000000a1e3bb38,0x00000000a2e00000)
 Metaspace       used 56469K, capacity 58818K, committed 59028K, reserved 1099776K
  class space    used 7679K, capacity 8169K, committed 8192K, reserved 1048576K
Event: 88.054 GC heap after
Heap after GC invocations=17 (full 3):
 PSYoungGen      total 165888K, used 0K [0x00000000e0000000, 0x00000000ed400000, 0x0000000100000000)
  eden space 151040K, 0% used [0x00000000e0000000,0x00000000e0000000,0x00000000e9380000)
  from space 14848K, 0% used [0x00000000ea700000,0x00000000ea700000,0x00000000eb580000)
  to   space 19968K, 0% used [0x00000000e9380000,0x00000000e9380000,0x00000000ea700000)
 ParOldGen       total 84992K, used 38328K [0x00000000a0000000, 0x00000000a5300000, 0x00000000e0000000)
  object space 84992K, 45% used [0x00000000a0000000,0x00000000a256e2f8,0x00000000a5300000)
 Metaspace       used 56460K, capacity 58788K, committed 59028K, reserved 1099776K
  class space    used 7677K, capacity 8164K, committed 8192K, reserved 1048576K
}
Event: 105.240 GC heap before
{Heap before GC invocations=18 (full 3):
 PSYoungGen      total 165888K, used 151040K [0x00000000e0000000, 0x00000000ed400000, 0x0000000100000000)
  eden space 151040K, 100% used [0x00000000e0000000,0x00000000e9380000,0x00000000e9380000)
  from space 14848K, 0% used [0x00000000ea700000,0x00000000ea700000,0x00000000eb580000)
  to   space 19968K, 0% used [0x00000000e9380000,0x00000000e9380000,0x00000000ea700000)
 ParOldGen       total 84992K, used 38328K [0x00000000a0000000, 0x00000000a5300000, 0x00000000e0000000)
  object space 84992K, 45% used [0x00000000a0000000,0x00000000a256e2f8,0x00000000a5300000)
 Metaspace       used 63989K, capacity 67076K, committed 67288K, reserved 1107968K
  class space    used 8813K, capacity 9397K, committed 9472K, reserved 1048576K
Event: 105.949 GC heap after
Heap after GC invocations=18 (full 3):
 PSYoungGen      total 171008K, used 13949K [0x00000000e0000000, 0x00000000ee180000, 0x0000000100000000)
  eden space 151040K, 0% used [0x00000000e0000000,0x00000000e0000000,0x00000000e9380000)
  from space 19968K, 69% used [0x00000000e9380000,0x00000000ea11f578,0x00000000ea700000)
  to   space 20992K, 0% used [0x00000000ecd00000,0x00000000ecd00000,0x00000000ee180000)
 ParOldGen       total 84992K, used 38336K [0x00000000a0000000, 0x00000000a5300000, 0x00000000e0000000)
  object space 84992K, 45% used [0x00000000a0000000,0x00000000a25702f8,0x00000000a5300000)
 Metaspace       used 63989K, capacity 67076K, committed 67288K, reserved 1107968K
  class space    used 8813K, capacity 9397K, committed 9472K, reserved 1048576K
}

