# JRE version: OpenJDK Runtime Environment (8.0_242-b01) (build 1.8.0_242-release-1644-b01)
# Java VM: OpenJDK 64-Bit Server VM (25.242-b01 mixed mode windows-amd64 compressed oops)
Heap:
 PSYoungGen      total 71168K, used 56275K [0x00000000e0000000, 0x00000000e7300000, 0x0000000100000000)
  eden space 64000K, 87% used [0x00000000e0000000,0x00000000e36f4eb8,0x00000000e3e80000)
  from space 7168K, 0% used [0x00000000e3e80000,0x00000000e3e80000,0x00000000e4580000)
  to   space 7680K, 0% used [0x00000000e6b80000,0x00000000e6b80000,0x00000000e7300000)
 ParOldGen       total 36352K, used 9423K [0x00000000a0000000, 0x00000000a2380000, 0x00000000e0000000)
  object space 36352K, 25% used [0x00000000a0000000,0x00000000a0933c58,0x00000000a2380000)
 Metaspace       used 24874K, capacity 25758K, committed 25856K, reserved 1071104K
  class space    used 3530K, capacity 3779K, committed 3840K, reserved 1048576K
GC Heap History (10 events):
Event: 15.004 GC heap before
{Heap before GC invocations=6 (full 0):
 PSYoungGen      total 18944K, used 18921K [0x00000000e0000000, 0x00000000e2900000, 0x0000000100000000)
  eden space 16384K, 100% used [0x00000000e0000000,0x00000000e1000000,0x00000000e1000000)
  from space 2560K, 99% used [0x00000000e1000000,0x00000000e127a630,0x00000000e1280000)
  to   space 4608K, 0% used [0x00000000e2480000,0x00000000e2480000,0x00000000e2900000)
 ParOldGen       total 44032K, used 3402K [0x00000000a0000000, 0x00000000a2b00000, 0x00000000e0000000)
  object space 44032K, 7% used [0x00000000a0000000,0x00000000a0352a98,0x00000000a2b00000)
 Metaspace       used 12053K, capacity 12446K, committed 12800K, reserved 1060864K
  class space    used 1593K, capacity 1691K, committed 1792K, reserved 1048576K
Event: 15.013 GC heap after
Heap after GC invocations=6 (full 0):
 PSYoungGen      total 36864K, used 4601K [0x00000000e0000000, 0x00000000e2a00000, 0x0000000100000000)
  eden space 32256K, 0% used [0x00000000e0000000,0x00000000e0000000,0x00000000e1f80000)
  from space 4608K, 99% used [0x00000000e2480000,0x00000000e28fe620,0x00000000e2900000)
  to   space 5120K, 0% used [0x00000000e1f80000,0x00000000e1f80000,0x00000000e2480000)
 ParOldGen       total 44032K, used 3512K [0x00000000a0000000, 0x00000000a2b00000, 0x00000000e0000000)
  object space 44032K, 7% used [0x00000000a0000000,0x00000000a036e320,0x00000000a2b00000)
 Metaspace       used 12053K, capacity 12446K, committed 12800K, reserved 1060864K
  class space    used 1593K, capacity 1691K, committed 1792K, reserved 1048576K
}
Event: 17.099 GC heap before
{Heap before GC invocations=7 (full 0):
 PSYoungGen      total 36864K, used 36857K [0x00000000e0000000, 0x00000000e2a00000, 0x0000000100000000)
  eden space 32256K, 100% used [0x00000000e0000000,0x00000000e1f80000,0x00000000e1f80000)
  from space 4608K, 99% used [0x00000000e2480000,0x00000000e28fe620,0x00000000e2900000)
  to   space 5120K, 0% used [0x00000000e1f80000,0x00000000e1f80000,0x00000000e2480000)
 ParOldGen       total 44032K, used 3512K [0x00000000a0000000, 0x00000000a2b00000, 0x00000000e0000000)
  object space 44032K, 7% used [0x00000000a0000000,0x00000000a036e320,0x00000000a2b00000)
 Metaspace       used 14724K, capacity 15298K, committed 15488K, reserved 1062912K
  class space    used 1997K, capacity 2157K, committed 2176K, reserved 1048576K
Event: 17.120 GC heap after
Heap after GC invocations=7 (full 0):
 PSYoungGen      total 37376K, used 5115K [0x00000000e0000000, 0x00000000e4c00000, 0x0000000100000000)
  eden space 32256K, 0% used [0x00000000e0000000,0x00000000e0000000,0x00000000e1f80000)
  from space 5120K, 99% used [0x00000000e1f80000,0x00000000e247efd8,0x00000000e2480000)
  to   space 6656K, 0% used [0x00000000e4580000,0x00000000e4580000,0x00000000e4c00000)
 ParOldGen       total 44032K, used 5315K [0x00000000a0000000, 0x00000000a2b00000, 0x00000000e0000000)
  object space 44032K, 12% used [0x00000000a0000000,0x00000000a0530fb8,0x00000000a2b00000)
 Metaspace       used 14724K, capacity 15298K, committed 15488K, reserved 1062912K
  class space    used 1997K, capacity 2157K, committed 2176K, reserved 1048576K
}
Event: 19.997 GC heap before
{Heap before GC invocations=8 (full 0):
 PSYoungGen      total 37376K, used 37371K [0x00000000e0000000, 0x00000000e4c00000, 0x0000000100000000)
  eden space 32256K, 100% used [0x00000000e0000000,0x00000000e1f80000,0x00000000e1f80000)
  from space 5120K, 99% used [0x00000000e1f80000,0x00000000e247efd8,0x00000000e2480000)
  to   space 6656K, 0% used [0x00000000e4580000,0x00000000e4580000,0x00000000e4c00000)
 ParOldGen       total 44032K, used 5315K [0x00000000a0000000, 0x00000000a2b00000, 0x00000000e0000000)
  object space 44032K, 12% used [0x00000000a0000000,0x00000000a0530fb8,0x00000000a2b00000)
 Metaspace       used 17570K, capacity 18256K, committed 18560K, reserved 1064960K
  class space    used 2394K, capacity 2568K, committed 2688K, reserved 1048576K
Event: 20.047 GC heap after
Heap after GC invocations=8 (full 0):
 PSYoungGen      total 70656K, used 5374K [0x00000000e0000000, 0x00000000e4d00000, 0x0000000100000000)
  eden space 64000K, 0% used [0x00000000e0000000,0x00000000e0000000,0x00000000e3e80000)
  from space 6656K, 80% used [0x00000000e4580000,0x00000000e4abf990,0x00000000e4c00000)
  to   space 7168K, 0% used [0x00000000e3e80000,0x00000000e3e80000,0x00000000e4580000)
 ParOldGen       total 44032K, used 5819K [0x00000000a0000000, 0x00000000a2b00000, 0x00000000e0000000)
  object space 44032K, 13% used [0x00000000a0000000,0x00000000a05aefb8,0x00000000a2b00000)
 Metaspace       used 17570K, capacity 18256K, committed 18560K, reserved 1064960K
  class space    used 2394K, capacity 2568K, committed 2688K, reserved 1048576K
}
Event: 23.254 GC heap before
{Heap before GC invocations=9 (full 0):
 PSYoungGen      total 70656K, used 39290K [0x00000000e0000000, 0x00000000e4d00000, 0x0000000100000000)
  eden space 64000K, 52% used [0x00000000e0000000,0x00000000e211f018,0x00000000e3e80000)
  from space 6656K, 80% used [0x00000000e4580000,0x00000000e4abf990,0x00000000e4c00000)
  to   space 7168K, 0% used [0x00000000e3e80000,0x00000000e3e80000,0x00000000e4580000)
 ParOldGen       total 44032K, used 5819K [0x00000000a0000000, 0x00000000a2b00000, 0x00000000e0000000)
  object space 44032K, 13% used [0x00000000a0000000,0x00000000a05aefb8,0x00000000a2b00000)
 Metaspace       used 20501K, capacity 21204K, committed 21248K, reserved 1067008K
  class space    used 2851K, capacity 3048K, committed 3072K, reserved 1048576K
Event: 23.330 GC heap after
Heap after GC invocations=9 (full 0):
 PSYoungGen      total 71168K, used 5643K [0x00000000e0000000, 0x00000000e7300000, 0x0000000100000000)
  eden space 64000K, 0% used [0x00000000e0000000,0x00000000e0000000,0x00000000e3e80000)
  from space 7168K, 78% used [0x00000000e3e80000,0x00000000e4402d20,0x00000000e4580000)
  to   space 7680K, 0% used [0x00000000e6b80000,0x00000000e6b80000,0x00000000e7300000)
 ParOldGen       total 44032K, used 7044K [0x00000000a0000000, 0x00000000a2b00000, 0x00000000e0000000)
  object space 44032K, 15% used [0x00000000a0000000,0x00000000a06e13b0,0x00000000a2b00000)
 Metaspace       used 20501K, capacity 21204K, committed 21248K, reserved 1067008K
  class space    used 2851K, capacity 3048K, committed 3072K, reserved 1048576K
}
Event: 23.331 GC heap before
{Heap before GC invocations=10 (full 1):
 PSYoungGen      total 71168K, used 5643K [0x00000000e0000000, 0x00000000e7300000, 0x0000000100000000)
  eden space 64000K, 0% used [0x00000000e0000000,0x00000000e0000000,0x00000000e3e80000)
  from space 7168K, 78% used [0x00000000e3e80000,0x00000000e4402d20,0x00000000e4580000)
  to   space 7680K, 0% used [0x00000000e6b80000,0x00000000e6b80000,0x00000000e7300000)
 ParOldGen       total 44032K, used 7044K [0x00000000a0000000, 0x00000000a2b00000, 0x00000000e0000000)
  object space 44032K, 15% used [0x00000000a0000000,0x00000000a06e13b0,0x00000000a2b00000)
 Metaspace       used 20501K, capacity 21204K, committed 21248K, reserved 1067008K
  class space    used 2851K, capacity 3048K, committed 3072K, reserved 1048576K
Event: 23.680 GC heap after
Heap after GC invocations=10 (full 1):
 PSYoungGen      total 71168K, used 0K [0x00000000e0000000, 0x00000000e7300000, 0x0000000100000000)
  eden space 64000K, 0% used [0x00000000e0000000,0x00000000e0000000,0x00000000e3e80000)
  from space 7168K, 0% used [0x00000000e3e80000,0x00000000e3e80000,0x00000000e4580000)
  to   space 7680K, 0% used [0x00000000e6b80000,0x00000000e6b80000,0x00000000e7300000)
 ParOldGen       total 36352K, used 9423K [0x00000000a0000000, 0x00000000a2380000, 0x00000000e0000000)
  object space 36352K, 25% used [0x00000000a0000000,0x00000000a0933c58,0x00000000a2380000)
 Metaspace       used 20501K, capacity 21204K, committed 21248K, reserved 1067008K
  class space    used 2851K, capacity 3048K, committed 3072K, reserved 1048576K
}

